#
# A fatal error has been detected by the Java Runtime Environment:
#
#  EXCEPTION_ACCESS_VIOLATION (0xc0000005) at pc=0x00007ffda576c980, pid=2300, tid=13104
#
# JRE version: OpenJDK Runtime Environment (11.0.1.6+7) (build 11.0.1.6+7-201901011603)
# Java VM: Dynamic Code Evolution 64-Bit Server VM (11.0.1.6+7-201901011603, mixed mode, tiered, compressed oops, serial gc, windows-amd64)
# Problematic frame:
# V  [jvm.dll+0x1cc980]
#
# No core dump will be written. Minidumps are not enabled by default on client versions of Windows
#
# If you would like to submit a bug report, please visit:
#   https://github.com/AdoptOpenJDK/openjdk-build/issues
#

---------------  S U M M A R Y ------------

Command Line: --add-opens=java.base/java.util=ALL-UNNAMED --add-opens=java.base/java.lang=ALL-UNNAMED --add-opens=java.base/java.lang.invoke=ALL-UNNAMED --add-opens=java.prefs/java.util.prefs=ALL-UNNAMED -XX:MaxMetaspaceSize=256m -XX:+HeapDumpOnOutOfMemoryError -Xmx512m -Dfile.encoding=windows-1252 -Duser.country=US -Duser.language=en -Duser.variant org.gradle.launcher.daemon.bootstrap.GradleDaemon 5.1.1

Host: Intel(R) Core(TM) i7-6700HQ CPU @ 2.60GHz, 8 cores, 15G,  Windows 10 , 64 bit Build 17763 (10.0.17763.1)
Time: Sat Jan 26 00:29:47 2019 FLE Standard Time elapsed time: 7 seconds (0d 0h 0m 7s)

---------------  T H R E A D  ---------------

Current thread (0x000001bde1e32000):  JavaThread "Thread-28" daemon [_thread_in_vm, id=13104, stack(0x0000006185000000,0x0000006185100000)]

Stack: [0x0000006185000000,0x0000006185100000],  sp=0x00000061850fdef8,  free space=1015k
Native frames: (J=compiled Java code, j=interpreted, Vv=VM code, C=native code)
V  [jvm.dll+0x1cc980]

Java frames: (J=compiled Java code, j=interpreted, Vv=VM code)
J 1408  java.lang.ClassLoader.defineClass1(Ljava/lang/ClassLoader;Ljava/lang/String;[BIILjava/security/ProtectionDomain;Ljava/lang/String;)Ljava/lang/Class; java.base@11.0.1.6 (0 bytes) @ 0x000001bdd561717b [0x000001bdd56170c0+0x00000000000000bb]
J 3792 c2 java.lang.ClassLoader.defineClass(Ljava/lang/String;[BIILjava/security/ProtectionDomain;)Ljava/lang/Class; java.base@11.0.1.6 (43 bytes) @ 0x000001bdd57f8330 [0x000001bdd57f8280+0x00000000000000b0]
J 2044 c1 jdk.internal.reflect.GeneratedMethodAccessor1.invoke(Ljava/lang/Object;[Ljava/lang/Object;)Ljava/lang/Object; java.base@11.0.1.6 (245 bytes) @ 0x000001bdce44ba64 [0x000001bdce44a3e0+0x0000000000001684]
J 1931 c1 jdk.internal.reflect.DelegatingMethodAccessorImpl.invoke(Ljava/lang/Object;[Ljava/lang/Object;)Ljava/lang/Object; java.base@11.0.1.6 (10 bytes) @ 0x000001bdce419c5c [0x000001bdce419b60+0x00000000000000fc]
J 3561 c1 org.hotswap.agent.javassist.util.proxy.DefineClassHelper$JavaOther.defineClass(Ljava/lang/String;[BIILjava/lang/Class;Ljava/lang/ClassLoader;Ljava/security/ProtectionDomain;)Ljava/lang/Class; (153 bytes) @ 0x000001bdce6d0174 [0x000001bdce6ced80+0x00000000000013f4]
J 2654 c1 org.hotswap.agent.javassist.util.proxy.DefineClassHelper.toClass(Ljava/lang/String;Ljava/lang/Class;Ljava/lang/ClassLoader;Ljava/security/ProtectionDomain;[B)Ljava/lang/Class; (68 bytes) @ 0x000001bdce4ec65c [0x000001bdce4ec520+0x000000000000013c]
J 2079 c1 org.hotswap.agent.javassist.CtClass.toClass(Ljava/lang/ClassLoader;Ljava/security/ProtectionDomain;)Ljava/lang/Class; (23 bytes) @ 0x000001bdce45e774 [0x000001bdce45e320+0x0000000000000454]
j  org.hotswap.agent.util.classloader.ClassLoaderDefineClassPatcher.patch(Ljava/lang/ClassLoader;Ljava/lang/String;Ljava/lang/ClassLoader;Ljava/security/ProtectionDomain;)V+140
j  org.hotswap.agent.config.PluginManager.initClassLoader(Ljava/lang/ClassLoader;Ljava/security/ProtectionDomain;)V+105
j  org.hotswap.agent.util.HotswapTransformer$1.executeCommand()V+11
j  org.hotswap.agent.command.impl.CommandExecutor.run()V+23
v  ~StubRoutines::call_stub

siginfo: EXCEPTION_ACCESS_VIOLATION (0xc0000005), reading address 0x0000000000000078


Register to memory mapping:

RIP=0x00007ffda576c980 jvm.dll
RAX=0x0000000000000048 is an unknown value
RBX=0x00000000ecfccc38 is an oop: org.gradle.groovy.scripts.internal.DefaultScriptCompilationHandler$1 
{0x00000000ecfccc38} - klass: 'org/gradle/groovy/scripts/internal/DefaultScriptCompilationHandler$1'
RCX=0x0 is NULL
RDX=0x000000000000000c is an unknown value
RSP=0x00000061850fdef8 is pointing into the stack for thread: 0x000001bde1e32000
RBP=0x000001bde0c90b50 points into unknown readable memory: 02 00 00 00 6f 62 6a 65
RSI=0x000001bde0a44cd0 points into unknown readable memory: 67 72 6f 6f 76 79 2e 6c
RDI=0x000001bdc54b5200 points into unknown readable memory: 00 00 00 00 00 00 00 00
R8 =0x000000000000006a is an unknown value
R9 =0x000000000000006a is an unknown value
R10=0x000000000000006a is an unknown value
R11=0x000000000000006a is an unknown value
R12=0x000001bde0a44bc0 points into unknown readable memory: 00 00 00 00 00 00 00 00
R13=0x000001bddd798601 points into unknown readable memory: 76 61 73 73 69 73 74
R14=0x00000000ecf8cf60 is an oop: groovy.lang.GroovyClassLoader$InnerLoader 
{0x00000000ecf8cf60} - klass: 'groovy/lang/GroovyClassLoader$InnerLoader'
R15=0x000000010060b508 is a pointer to class: 
org.hotswap.agent.plugin.jvm.AnonymousClassInfos$AnonymousClassInfoMatcher {0x000000010060b510}


Registers:
RAX=0x0000000000000048, RBX=0x00000000ecfccc38, RCX=0x0000000000000000, RDX=0x000000000000000c
RSP=0x00000061850fdef8, RBP=0x000001bde0c90b50, RSI=0x000001bde0a44cd0, RDI=0x000001bdc54b5200
R8 =0x000000000000006a, R9 =0x000000000000006a, R10=0x000000000000006a, R11=0x000000000000006a
R12=0x000001bde0a44bc0, R13=0x000001bddd798601, R14=0x00000000ecf8cf60, R15=0x000000010060b508
RIP=0x00007ffda576c980, EFLAGS=0x0000000000010202

Top of Stack: (sp=0x00000061850fdef8)
0x00000061850fdef8:   00007ffda590869c 00000000ecf8cf60
0x00000061850fdf08:   00007ffda5dc7cb0 000001bde0a44cd0
0x00000061850fdf18:   000001bde0a44e10 00007ffda5d8d390
0x00000061850fdf28:   0000005000000000 000000000000006a
0x00000061850fdf38:   0000000000000000 0000000000000000
0x00000061850fdf48:   0000000000000000 0000000000000000
0x00000061850fdf58:   000001bde0a44d10 000000000000006a
0x00000061850fdf68:   0000000000000100 0000000000000000
0x00000061850fdf78:   000001bde0a44c20 000001bde1275830
0x00000061850fdf88:   00007ffda5c4ac03 000001bdc54b52d0
0x00000061850fdf98:   000001bddebf2838 00000000ecf8cf60
0x00000061850fdfa8:   000001bde0a44bc0 0000000000000000
0x00000061850fdfb8:   00000061850fe3a0 000001bde0a44bd0
0x00000061850fdfc8:   000001bde0a44fa8 00007ffda5d8d390
0x00000061850fdfd8:   0000005000000000 0000000000000000
0x00000061850fdfe8:   0000000000000000 0000000000000000 

Instructions: (pc=0x00007ffda576c980)
0x00007ffda576c960:   48 8b 74 24 40 48 8b 7c 24 48 48 83 c4 20 41 5e
0x00007ffda576c970:   c3 cc cc cc cc cc cc cc cc cc cc cc cc cc cc cc
0x00007ffda576c980:   48 8b 41 78 48 85 c0 75 08 48 8d 05 48 d1 62 00
0x00007ffda576c990:   c3 48 8b 89 88 00 00 00 48 85 c9 0f 85 5f 80 4d 


Stack slot to memory mapping:
stack at sp + 0 slots: 0x00007ffda590869c jvm.dll
stack at sp + 1 slots: 0x00000000ecf8cf60 is an oop: groovy.lang.GroovyClassLoader$InnerLoader 
{0x00000000ecf8cf60} - klass: 'groovy/lang/GroovyClassLoader$InnerLoader'
stack at sp + 2 slots: 0x00007ffda5dc7cb0 jvm.dll
stack at sp + 3 slots: 0x000001bde0a44cd0 points into unknown readable memory: 67 72 6f 6f 76 79 2e 6c
stack at sp + 4 slots: 0x000001bde0a44e10 points into unknown readable memory: 67 72 6f 6f 76 79 2e 6c
stack at sp + 5 slots: 0x00007ffda5d8d390 jvm.dll
stack at sp + 6 slots: 0x0000005000000000 is an unknown value
stack at sp + 7 slots: 0x000000000000006a is an unknown value


---------------  P R O C E S S  ---------------

Threads class SMR info:
_java_thread_list=0x000001bde3899810, length=33, elements={
0x000001bdc54ba800, 0x000001bdc5104000, 0x000001bdc510d000, 0x000001bdc5169000,
0x000001bdc516a000, 0x000001bdc5117000, 0x000001bdc5119000, 0x000001bdc511d800,
0x000001bddd343800, 0x000001bddd50a800, 0x000001bddd50f800, 0x000001bddd510000,
0x000001bddd512000, 0x000001bddd4ef800, 0x000001bddd9ca800, 0x000001bde0a97800,
0x000001bde09ef000, 0x000001bddff14800, 0x000001bde0d73800, 0x000001bde0d19000,
0x000001bde10d7800, 0x000001bde10da000, 0x000001bde10da800, 0x000001bde10dc800,
0x000001bde10dd000, 0x000001bde10d8000, 0x000001bde10db800, 0x000001bde10d9000,
0x000001bde1e39800, 0x000001bde1e35800, 0x000001bde1e33800, 0x000001bde1e37000,
0x000001bde1e32000
}

Java Threads: ( => current thread )
  0x000001bdc54ba800 JavaThread "main" [_thread_blocked, id=11320, stack(0x0000006182d00000,0x0000006182e00000)]
  0x000001bdc5104000 JavaThread "Reference Handler" daemon [_thread_blocked, id=10968, stack(0x0000006182f00000,0x0000006183000000)]
  0x000001bdc510d000 JavaThread "Finalizer" daemon [_thread_blocked, id=4408, stack(0x0000006183000000,0x0000006183100000)]
  0x000001bdc5169000 JavaThread "Signal Dispatcher" daemon [_thread_blocked, id=10896, stack(0x0000006183100000,0x0000006183200000)]
  0x000001bdc516a000 JavaThread "Attach Listener" daemon [_thread_blocked, id=11392, stack(0x0000006183200000,0x0000006183300000)]
  0x000001bdc5117000 JavaThread "C2 CompilerThread0" daemon [_thread_in_native, id=2756, stack(0x0000006183300000,0x0000006183400000)]
  0x000001bdc5119000 JavaThread "C1 CompilerThread0" daemon [_thread_blocked, id=7000, stack(0x0000006183400000,0x0000006183500000)]
  0x000001bdc511d800 JavaThread "Sweeper thread" daemon [_thread_blocked, id=13268, stack(0x0000006183500000,0x0000006183600000)]
  0x000001bddd343800 JavaThread "Common-Cleaner" daemon [_thread_blocked, id=7424, stack(0x0000006183600000,0x0000006183700000)]
  0x000001bddd50a800 JavaThread "FileSystemWatchService" daemon [_thread_in_native, id=10960, stack(0x0000006183700000,0x0000006183800000)]
  0x000001bddd50f800 JavaThread "HotSwap Watcher" daemon [_thread_blocked, id=2668, stack(0x0000006183800000,0x0000006183900000)]
  0x000001bddd510000 JavaThread "HotSwap Dispatcher" daemon [_thread_blocked, id=2852, stack(0x0000006183900000,0x0000006183a00000)]
  0x000001bddd512000 JavaThread "Thread-2" daemon [_thread_blocked, id=2404, stack(0x0000006183a00000,0x0000006183b00000)]
  0x000001bddd4ef800 JavaThread "C2 CompilerThread1" daemon [_thread_in_native, id=11872, stack(0x0000006183b00000,0x0000006183c00000)]
  0x000001bddd9ca800 JavaThread "Service Thread" daemon [_thread_blocked, id=144, stack(0x0000006183d00000,0x0000006183e00000)]
  0x000001bde0a97800 JavaThread "Incoming local TCP Connector on port 54148" [_thread_in_native, id=6792, stack(0x0000006183f00000,0x0000006184000000)]
  0x000001bde09ef000 JavaThread "Daemon periodic checks" [_thread_blocked, id=3872, stack(0x0000006184000000,0x0000006184100000)]
  0x000001bddff14800 JavaThread "Daemon" [_thread_blocked, id=7496, stack(0x0000006184100000,0x0000006184200000)]
  0x000001bde0d73800 JavaThread "Handler for socket connection from /127.0.0.1:54148 to /127.0.0.1:54149" [_thread_in_native, id=10072, stack(0x0000006184200000,0x0000006184300000)]
  0x000001bde0d19000 JavaThread "Cancel handler" [_thread_blocked, id=12436, stack(0x0000006184300000,0x0000006184400000)]
  0x000001bde10d7800 JavaThread "Daemon worker" [_thread_blocked, id=11596, stack(0x0000006184400000,0x0000006184500000)]
  0x000001bde10da000 JavaThread "Asynchronous log dispatcher for DefaultDaemonConnection: socket connection from /127.0.0.1:54148 to /127.0.0.1:54149" [_thread_blocked, id=5336, stack(0x0000006184500000,0x0000006184600000)]
  0x000001bde10da800 JavaThread "Stdin handler" [_thread_blocked, id=13140, stack(0x0000006184600000,0x0000006184700000)]
  0x000001bde10dc800 JavaThread "Thread-13" [_thread_blocked, id=12324, stack(0x0000006184700000,0x0000006184800000)]
  0x000001bde10dd000 JavaThread "Cache worker for file hash cache (C:\Users\maxim\.gradle\caches\5.1.1\fileHashes)" [_thread_blocked, id=5048, stack(0x0000006184800000,0x0000006184900000)]
  0x000001bde10d8000 JavaThread "File lock request listener" [_thread_in_native, id=11372, stack(0x0000006184900000,0x0000006184a00000)]
  0x000001bde10db800 JavaThread "Cache worker for journal cache (C:\Users\maxim\.gradle\caches\journal-1)" [_thread_blocked, id=12844, stack(0x0000006184a00000,0x0000006184b00000)]
  0x000001bde10d9000 JavaThread "Cache worker for file hash cache (C:\Users\maxim\IdeaProjects\twitchbot\.gradle\5.1.1\fileHashes)" [_thread_blocked, id=5768, stack(0x0000006184b00000,0x0000006184c00000)]
  0x000001bde1e39800 JavaThread "Cache worker for cache directory md-supplier (C:\Users\maxim\.gradle\caches\5.1.1\md-supplier)" [_thread_blocked, id=9112, stack(0x0000006183c00000,0x0000006183d00000)]
  0x000001bde1e35800 JavaThread "Cache worker for cache directory md-rule (C:\Users\maxim\.gradle\caches\5.1.1\md-rule)" [_thread_blocked, id=12896, stack(0x0000006184d00000,0x0000006184e00000)]
  0x000001bde1e33800 JavaThread "Cache worker for execution history cache (C:\Users\maxim\.gradle\caches\5.1.1\executionHistory)" [_thread_blocked, id=8856, stack(0x0000006184e00000,0x0000006184f00000)]
  0x000001bde1e37000 JavaThread "C2 CompilerThread2" daemon [_thread_in_native, id=1876, stack(0x0000006184c00000,0x0000006184d00000)]
=>0x000001bde1e32000 JavaThread "Thread-28" daemon [_thread_in_vm, id=13104, stack(0x0000006185000000,0x0000006185100000)]

Other Threads:
  0x000001bdc50cd800 VMThread "VM Thread" [stack: 0x0000006182e00000,0x0000006182f00000] [id=9848]
  0x000001bddd548000 WatcherThread [stack: 0x0000006183e00000,0x0000006183f00000] [id=1752]

Threads with active compile tasks:
C2 CompilerThread04192       4       org.objectweb.asm.signature.SignatureReader::parseType (411 bytes)
C2 CompilerThread14257   !   4       java.util.zip.InflaterInputStream::read (138 bytes)
C2 CompilerThread24230       4       org.objectweb.asm.ClassReader::readCode (5089 bytes)

VM state:not at safepoint (normal execution)

VM Mutex/Monitor currently owned by a thread:  ([mutex/lock_event])
[0x000001bdc54b52d0] SystemDictionary_lock - owner thread: 0x000001bde1e32000

Heap address: 0x00000000e0000000, size: 512 MB, Compressed Oops mode: 32-bit
Narrow klass base: 0x0000000000000000, Narrow klass shift: 3
Compressed class space size: 260046848 Address: 0x0000000100000000

Heap:
 def new generation   total 77568K, used 21729K [0x00000000e0000000, 0x00000000e5420000, 0x00000000eaaa0000)
  eden space 68992K,  25% used [0x00000000e0000000, 0x00000000e1112120, 0x00000000e4360000)
  from space 8576K,  49% used [0x00000000e4360000, 0x00000000e47866b8, 0x00000000e4bc0000)
  to   space 8576K,   0% used [0x00000000e4bc0000, 0x00000000e4bc0000, 0x00000000e5420000)
 tenured generation   total 172032K, used 39724K [0x00000000eaaa0000, 0x00000000f52a0000, 0x0000000100000000)
   the space 172032K,  23% used [0x00000000eaaa0000, 0x00000000ed16b3e8, 0x00000000ed16b400, 0x00000000f52a0000)
 Metaspace       used 53012K, capacity 53978K, committed 54232K, reserved 303104K
  class space    used 6599K, capacity 6910K, committed 6912K, reserved 253952K

Card table byte_map: [0x000001bdc4e70000,0x000001bdc4f80000] _byte_map_base: 0x000001bdc4770000

Polling page: 0x000001bdc32d0000

Metaspace:

Usage:
  Non-class:     45.96 MB capacity,    45.33 MB ( 99%) used,   575.32 KB (  1%) free+waste,    79.00 KB ( <1%) overhead. 
      Class:      6.75 MB capacity,     6.44 MB ( 95%) used,   276.63 KB (  4%) free+waste,    34.38 KB ( <1%) overhead. 
       Both:     52.71 MB capacity,    51.77 MB ( 98%) used,   851.95 KB (  2%) free+waste,   113.38 KB ( <1%) overhead. 

Virtual space:
  Non-class space:       48.00 MB reserved,      46.21 MB ( 96%) committed 
      Class space:      248.00 MB reserved,       6.75 MB (  3%) committed 
             Both:      296.00 MB reserved,      52.96 MB ( 18%) committed 

Chunk freelists:
   Non-Class:  7.50 KB
       Class:  256 bytes
        Both:  7.75 KB

CodeHeap 'non-profiled nmethods': size=120000Kb used=2862Kb max_used=2862Kb free=117138Kb
 bounds [0x000001bdd5570000, 0x000001bdd5840000, 0x000001bddcaa0000]
CodeHeap 'profiled nmethods': size=120000Kb used=8818Kb max_used=8818Kb free=111181Kb
 bounds [0x000001bdce040000, 0x000001bdce8f0000, 0x000001bdd5570000]
CodeHeap 'non-nmethods': size=5760Kb used=2213Kb max_used=2262Kb free=3546Kb
 bounds [0x000001bdcdaa0000, 0x000001bdcdd10000, 0x000001bdce040000]
 total_blobs=6214 nmethods=3975 adapters=696
 compilation: enabled
              stopped_count=0, restarted_count=0
 full_count=0

Compilation events (10 events):
Event: 7.063 Thread 0x000001bddd4ef800 nmethod 3498 0x000001bdd582a510 code [0x000001bdd582ac80, 0x000001bdd5833f40]
Event: 7.064 Thread 0x000001bddd4ef800 4257   !   4       java.util.zip.InflaterInputStream::read (138 bytes)
Event: 7.064 Thread 0x000001bdc5119000 4314       2       org.objectweb.asm.AnnotationWriter::<init> (9 bytes)
Event: 7.064 Thread 0x000001bdc5119000 nmethod 4314 0x000001bdce8df390 code [0x000001bdce8df540, 0x000001bdce8df6d0]
Event: 7.065 Thread 0x000001bdc5119000 4316       2       org.objectweb.asm.commons.ClassRemapper::visitOuterClass (47 bytes)
Event: 7.067 Thread 0x000001bdc5119000 nmethod 4316 0x000001bdce8df790 code [0x000001bdce8df9a0, 0x000001bdce8dfe20]
Event: 7.069 Thread 0x000001bdc5119000 4317       2       org.objectweb.asm.commons.AnnotationRemapper::<init> (12 bytes)
Event: 7.069 Thread 0x000001bdc5119000 nmethod 4317 0x000001bdce8e0210 code [0x000001bdce8e03c0, 0x000001bdce8e0570]
Event: 7.069 Thread 0x000001bdc5119000 4318       2       org.objectweb.asm.AnnotationVisitor::visitEnd (15 bytes)
Event: 7.070 Thread 0x000001bdc5119000 nmethod 4318 0x000001bdce8e0610 code [0x000001bdce8e07c0, 0x000001bdce8e0950]

GC Heap History (10 events):
Event: 6.258 GC heap before
{Heap before GC invocations=13 (full 2):
 def new generation   total 77568K, used 74957K [0x00000000e0000000, 0x00000000e5420000, 0x00000000eaaa0000)
  eden space 68992K, 100% used [0x00000000e0000000, 0x00000000e4360000, 0x00000000e4360000)
  from space 8576K,  69% used [0x00000000e4bc0000, 0x00000000e5193518, 0x00000000e5420000)
  to   space 8576K,   0% used [0x00000000e4360000, 0x00000000e4360000, 0x00000000e4bc0000)
 tenured generation   total 172032K, used 33935K [0x00000000eaaa0000, 0x00000000f52a0000, 0x0000000100000000)
   the space 172032K,  19% used [0x00000000eaaa0000, 0x00000000ecbc3f08, 0x00000000ecbc4000, 0x00000000f52a0000)
 Metaspace       used 47707K, capacity 48508K, committed 48600K, reserved 296960K
  class space    used 6043K, capacity 6339K, committed 6400K, reserved 253952K
}
Event: 6.269 GC heap after
{Heap after GC invocations=14 (full 2):
 def new generation   total 77568K, used 3031K [0x00000000e0000000, 0x00000000e5420000, 0x00000000eaaa0000)
  eden space 68992K,   0% used [0x00000000e0000000, 0x00000000e0000000, 0x00000000e4360000)
  from space 8576K,  35% used [0x00000000e4360000, 0x00000000e4655ca8, 0x00000000e4bc0000)
  to   space 8576K,   0% used [0x00000000e4bc0000, 0x00000000e4bc0000, 0x00000000e5420000)
 tenured generation   total 172032K, used 36726K [0x00000000eaaa0000, 0x00000000f52a0000, 0x0000000100000000)
   the space 172032K,  21% used [0x00000000eaaa0000, 0x00000000ece7d8e0, 0x00000000ece7da00, 0x00000000f52a0000)
 Metaspace       used 47707K, capacity 48508K, committed 48600K, reserved 296960K
  class space    used 6043K, capacity 6339K, committed 6400K, reserved 253952K
}
Event: 6.517 GC heap before
{Heap before GC invocations=14 (full 2):
 def new generation   total 77568K, used 72023K [0x00000000e0000000, 0x00000000e5420000, 0x00000000eaaa0000)
  eden space 68992K, 100% used [0x00000000e0000000, 0x00000000e4360000, 0x00000000e4360000)
  from space 8576K,  35% used [0x00000000e4360000, 0x00000000e4655ca8, 0x00000000e4bc0000)
  to   space 8576K,   0% used [0x00000000e4bc0000, 0x00000000e4bc0000, 0x00000000e5420000)
 tenured generation   total 172032K, used 36726K [0x00000000eaaa0000, 0x00000000f52a0000, 0x0000000100000000)
   the space 172032K,  21% used [0x00000000eaaa0000, 0x00000000ece7d8e0, 0x00000000ece7da00, 0x00000000f52a0000)
 Metaspace       used 50733K, capacity 51667K, committed 51672K, reserved 299008K
  class space    used 6330K, capacity 6651K, committed 6656K, reserved 253952K
}
Event: 6.527 GC heap after
{Heap after GC invocations=15 (full 2):
 def new generation   total 77568K, used 4361K [0x00000000e0000000, 0x00000000e5420000, 0x00000000eaaa0000)
  eden space 68992K,   0% used [0x00000000e0000000, 0x00000000e0000000, 0x00000000e4360000)
  from space 8576K,  50% used [0x00000000e4bc0000, 0x00000000e5002668, 0x00000000e5420000)
  to   space 8576K,   0% used [0x00000000e4360000, 0x00000000e4360000, 0x00000000e4bc0000)
 tenured generation   total 172032K, used 36726K [0x00000000eaaa0000, 0x00000000f52a0000, 0x0000000100000000)
   the space 172032K,  21% used [0x00000000eaaa0000, 0x00000000ece7d8e0, 0x00000000ece7da00, 0x00000000f52a0000)
 Metaspace       used 50733K, capacity 51667K, committed 51672K, reserved 299008K
  class space    used 6330K, capacity 6651K, committed 6656K, reserved 253952K
}
Event: 6.867 GC heap before
{Heap before GC invocations=15 (full 2):
 def new generation   total 77568K, used 73353K [0x00000000e0000000, 0x00000000e5420000, 0x00000000eaaa0000)
  eden space 68992K, 100% used [0x00000000e0000000, 0x00000000e4360000, 0x00000000e4360000)
  from space 8576K,  50% used [0x00000000e4bc0000, 0x00000000e5002668, 0x00000000e5420000)
  to   space 8576K,   0% used [0x00000000e4360000, 0x00000000e4360000, 0x00000000e4bc0000)
 tenured generation   total 172032K, used 36726K [0x00000000eaaa0000, 0x00000000f52a0000, 0x0000000100000000)
   the space 172032K,  21% used [0x00000000eaaa0000, 0x00000000ece7d8e0, 0x00000000ece7da00, 0x00000000f52a0000)
 Metaspace       used 52193K, capacity 53114K, committed 53464K, reserved 301056K
  class space    used 6498K, capacity 6814K, committed 6912K, reserved 253952K
}
Event: 6.878 GC heap after
{Heap after GC invocations=16 (full 2):
 def new generation   total 77568K, used 4086K [0x00000000e0000000, 0x00000000e5420000, 0x00000000eaaa0000)
  eden space 68992K,   0% used [0x00000000e0000000, 0x00000000e0000000, 0x00000000e4360000)
  from space 8576K,  47% used [0x00000000e4360000, 0x00000000e475d948, 0x00000000e4bc0000)
  to   space 8576K,   0% used [0x00000000e4bc0000, 0x00000000e4bc0000, 0x00000000e5420000)
 tenured generation   total 172032K, used 37810K [0x00000000eaaa0000, 0x00000000f52a0000, 0x0000000100000000)
   the space 172032K,  21% used [0x00000000eaaa0000, 0x00000000ecf8c990, 0x00000000ecf8ca00, 0x00000000f52a0000)
 Metaspace       used 52193K, capacity 53114K, committed 53464K, reserved 301056K
  class space    used 6498K, capacity 6814K, committed 6912K, reserved 253952K
}
Event: 7.026 GC heap before
{Heap before GC invocations=16 (full 2):
 def new generation   total 77568K, used 73078K [0x00000000e0000000, 0x00000000e5420000, 0x00000000eaaa0000)
  eden space 68992K, 100% used [0x00000000e0000000, 0x00000000e4360000, 0x00000000e4360000)
  from space 8576K,  47% used [0x00000000e4360000, 0x00000000e475d9a8, 0x00000000e4bc0000)
  to   space 8576K,   0% used [0x00000000e4bc0000, 0x00000000e4bc0000, 0x00000000e5420000)
 tenured generation   total 172032K, used 37810K [0x00000000eaaa0000, 0x00000000f52a0000, 0x0000000100000000)
   the space 172032K,  21% used [0x00000000eaaa0000, 0x00000000ecf8c990, 0x00000000ecf8ca00, 0x00000000f52a0000)
 Metaspace       used 52872K, capacity 53818K, committed 53976K, reserved 301056K
  class space    used 6578K, capacity 6878K, committed 6912K, reserved 253952K
}
Event: 7.036 GC heap after
{Heap after GC invocations=17 (full 2):
 def new generation   total 77568K, used 6164K [0x00000000e0000000, 0x00000000e5420000, 0x00000000eaaa0000)
  eden space 68992K,   0% used [0x00000000e0000000, 0x00000000e0000000, 0x00000000e4360000)
  from space 8576K,  71% used [0x00000000e4bc0000, 0x00000000e51c50f0, 0x00000000e5420000)
  to   space 8576K,   0% used [0x00000000e4360000, 0x00000000e4360000, 0x00000000e4bc0000)
 tenured generation   total 172032K, used 37810K [0x00000000eaaa0000, 0x00000000f52a0000, 0x0000000100000000)
   the space 172032K,  21% used [0x00000000eaaa0000, 0x00000000ecf8c990, 0x00000000ecf8ca00, 0x00000000f52a0000)
 Metaspace       used 52872K, capacity 53818K, committed 53976K, reserved 301056K
  class space    used 6578K, capacity 6878K, committed 6912K, reserved 253952K
}
Event: 7.036 GC heap before
{Heap before GC invocations=17 (full 2):
 def new generation   total 77568K, used 6499K [0x00000000e0000000, 0x00000000e5420000, 0x00000000eaaa0000)
  eden space 68992K,   0% used [0x00000000e0000000, 0x00000000e0053bb8, 0x00000000e4360000)
  from space 8576K,  71% used [0x00000000e4bc0000, 0x00000000e51c50f0, 0x00000000e5420000)
  to   space 8576K,   0% used [0x00000000e4360000, 0x00000000e4360000, 0x00000000e4bc0000)
 tenured generation   total 172032K, used 37810K [0x00000000eaaa0000, 0x00000000f52a0000, 0x0000000100000000)
   the space 172032K,  21% used [0x00000000eaaa0000, 0x00000000ecf8c990, 0x00000000ecf8ca00, 0x00000000f52a0000)
 Metaspace       used 52872K, capacity 53818K, committed 53976K, reserved 301056K
  class space    used 6578K, capacity 6878K, committed 6912K, reserved 253952K
}
Event: 7.050 GC heap after
{Heap after GC invocations=18 (full 2):
 def new generation   total 77568K, used 4249K [0x00000000e0000000, 0x00000000e5420000, 0x00000000eaaa0000)
  eden space 68992K,   0% used [0x00000000e0000000, 0x00000000e0000000, 0x00000000e4360000)
  from space 8576K,  49% used [0x00000000e4360000, 0x00000000e47866b8, 0x00000000e4bc0000)
  to   space 8576K,   0% used [0x00000000e4bc0000, 0x00000000e4bc0000, 0x00000000e5420000)
 tenured generation   total 172032K, used 39724K [0x00000000eaaa0000, 0x00000000f52a0000, 0x0000000100000000)
   the space 172032K,  23% used [0x00000000eaaa0000, 0x00000000ed16b3e8, 0x00000000ed16b400, 0x00000000f52a0000)
 Metaspace       used 52872K, capacity 53818K, committed 53976K, reserved 301056K
  class space    used 6578K, capacity 6878K, committed 6912K, reserved 253952K
}

Deoptimization events (10 events):
Event: 6.306 Thread 0x000001bde10d7800 Uncommon trap: reason=unstable_if action=reinterpret pc=0x000001bdd55dd2e0 method=java.util.zip.ZipFile$ZipFileInflaterInputStream.close()V @ 4 c2
Event: 6.611 Thread 0x000001bde10d7800 Uncommon trap: reason=unstable_if action=reinterpret pc=0x000001bdd55aa720 method=java.lang.CharacterDataLatin1.isWhitespace(I)Z @ 14 c2
Event: 6.620 Thread 0x000001bde10d7800 Uncommon trap: reason=unstable_if action=reinterpret pc=0x000001bdd56f3380 method=java.util.concurrent.ConcurrentHashMap.putVal(Ljava/lang/Object;Ljava/lang/Object;Z)Ljava/lang/Object; @ 245 c2
Event: 6.629 Thread 0x000001bde10d7800 Uncommon trap: reason=unstable_if action=reinterpret pc=0x000001bdd56aeaf4 method=java.lang.Enum.equals(Ljava/lang/Object;)Z @ 2 c2
Event: 6.654 Thread 0x000001bde10d7800 Uncommon trap: reason=unstable_if action=reinterpret pc=0x000001bdd57eec64 method=java.util.regex.Pattern.atom()Ljava/util/regex/Pattern$Node; @ 14 c2
Event: 6.661 Thread 0x000001bde10d7800 Uncommon trap: reason=speculate_class_check action=maybe_recompile pc=0x000001bdd570e2b4 method=java.util.zip.InflaterInputStream.read([BII)I @ 100 c2
Event: 6.661 Thread 0x000001bde10d7800 Uncommon trap: reason=speculate_class_check action=maybe_recompile pc=0x000001bdd570e2b4 method=java.util.zip.InflaterInputStream.read([BII)I @ 100 c2
Event: 6.661 Thread 0x000001bde10d7800 Uncommon trap: reason=speculate_class_check action=maybe_recompile pc=0x000001bdd570e2b4 method=java.util.zip.InflaterInputStream.read([BII)I @ 100 c2
Event: 6.661 Thread 0x000001bde10d7800 Uncommon trap: reason=speculate_class_check action=maybe_recompile pc=0x000001bdd570e2b4 method=java.util.zip.InflaterInputStream.read([BII)I @ 100 c2
Event: 6.794 Thread 0x000001bde10d7800 Uncommon trap: reason=unstable_if action=reinterpret pc=0x000001bdd581bbb4 method=org.gradle.internal.util.Trie.find(Ljava/lang/CharSequence;)Z @ 6 c2

Classes redefined (0 events):
No events

Internal exceptions (10 events):
Event: 7.053 Thread 0x000001bde1e36000 Exception <a 'java/lang/NoClassDefFoundError'{0x00000000e02ab198}: org/hotswap/agent/command/MergeableCommand> (0x00000000e02ab198) thrown at [c:/Users/travis/build/TravaOpenJDK/trava-jdk-11-dcevm/openjdk-build/workspace/build/src/src/hotspot/share/classf
Event: 7.057 Thread 0x000001bde1e36000 Exception <a 'java/lang/NoClassDefFoundError'{0x00000000e055a8f8}: org/apache/deltaspike/core/api/config/view/metadata/ViewConfigResolver> (0x00000000e055a8f8) thrown at [c:/Users/travis/build/TravaOpenJDK/trava-jdk-11-dcevm/openjdk-build/workspace/build/
Event: 7.057 Thread 0x000001bde1e36000 Exception <a 'java/lang/NoClassDefFoundError'{0x00000000e0571678}: org/apache/deltaspike/core/api/config/view/metadata/ViewConfigResolver> (0x00000000e0571678) thrown at [c:/Users/travis/build/TravaOpenJDK/trava-jdk-11-dcevm/openjdk-build/workspace/build/
Event: 7.058 Thread 0x000001bde1e36000 Exception <a 'java/lang/NoClassDefFoundError'{0x00000000e069b998}: org/hotswap/agent/javassist/expr/ExprEditor> (0x00000000e069b998) thrown at [c:/Users/travis/build/TravaOpenJDK/trava-jdk-11-dcevm/openjdk-build/workspace/build/src/src/hotspot/share/class
Event: 7.058 Thread 0x000001bde1e36000 Exception <a 'java/lang/NoClassDefFoundError'{0x00000000e06e8450}: org/hotswap/agent/javassist/expr/ExprEditor> (0x00000000e06e8450) thrown at [c:/Users/travis/build/TravaOpenJDK/trava-jdk-11-dcevm/openjdk-build/workspace/build/src/src/hotspot/share/class
Event: 7.059 Thread 0x000001bde1e36000 Exception <a 'java/lang/NoClassDefFoundError'{0x00000000e0737f48}: org/hotswap/agent/javassist/expr/ExprEditor> (0x00000000e0737f48) thrown at [c:/Users/travis/build/TravaOpenJDK/trava-jdk-11-dcevm/openjdk-build/workspace/build/src/src/hotspot/share/class
Event: 7.060 Thread 0x000001bde1e36000 Exception <a 'java/lang/NoClassDefFoundError'{0x00000000e086c0d8}: org/hotswap/agent/command/MergeableCommand> (0x00000000e086c0d8) thrown at [c:/Users/travis/build/TravaOpenJDK/trava-jdk-11-dcevm/openjdk-build/workspace/build/src/src/hotspot/share/classf
Event: 7.068 Thread 0x000001bde1e32000 Exception <a 'java/lang/NoClassDefFoundError'{0x00000000e0c0af18}: org/hotswap/agent/command/Command> (0x00000000e0c0af18) thrown at [c:/Users/travis/build/TravaOpenJDK/trava-jdk-11-dcevm/openjdk-build/workspace/build/src/src/hotspot/share/classfile/syste
Event: 7.069 Thread 0x000001bde1e32000 Exception <a 'java/lang/IllegalAccessError'{0x00000000e0d4ddf8}: class org.hotswap.agent.plugin.jvm.AnonymousClassInfos$1 cannot access its superinterface org.hotswap.agent.plugin.jvm.AnonymousClassInfos$AnonymousClassInfoMatcher (org.hotswap.agent.plugin
Event: 7.069 Thread 0x000001bde1e32000 Exception <a 'java/lang/IllegalAccessError'{0x00000000e0d87780}: class org.hotswap.agent.plugin.jvm.AnonymousClassInfos$2 cannot access its superinterface org.hotswap.agent.plugin.jvm.AnonymousClassInfos$AnonymousClassInfoMatcher (org.hotswap.agent.plugin

Events (10 events):
Event: 7.057 loading class org/apache/deltaspike/core/api/config/view/metadata/ViewConfigResolver done
Event: 7.064 Executing VM operation: RevokeBias
Event: 7.065 Executing VM operation: RevokeBias done
Event: 7.065 Thread 0x000001bde1e36000 Thread exited: 0x000001bde1e36000
Event: 7.065 Executing VM operation: RevokeBias
Event: 7.065 Executing VM operation: RevokeBias done
Event: 7.065 Executing VM operation: RevokeBias
Event: 7.066 Executing VM operation: RevokeBias done
Event: 7.068 Executing VM operation: RevokeBias
Event: 7.068 Executing VM operation: RevokeBias done


Dynamic libraries:
0x00007ff6f1260000 - 0x00007ff6f12aa000 	C:\Program Files\Java\dcevm-11.0.1+7\bin\java.exe
0x00007ffdfaa10000 - 0x00007ffdfabfd000 	C:\Windows\SYSTEM32\ntdll.dll
0x00007ffdf81f0000 - 0x00007ffdf82a3000 	C:\Windows\System32\KERNEL32.DLL
0x00007ffdf74b0000 - 0x00007ffdf7743000 	C:\Windows\System32\KERNELBASE.dll
0x00007ffdf7ca0000 - 0x00007ffdf7e37000 	C:\Windows\System32\USER32.dll
0x00007ffdf7c20000 - 0x00007ffdf7c40000 	C:\Windows\System32\win32u.dll
0x00007ffdf8f70000 - 0x00007ffdf8f99000 	C:\Windows\System32\GDI32.dll
0x00007ffdf78d0000 - 0x00007ffdf7a6a000 	C:\Windows\System32\gdi32full.dll
0x00007ffdf6ae0000 - 0x00007ffdf6b80000 	C:\Windows\System32\msvcp_win.dll
0x00007ffdf7750000 - 0x00007ffdf784c000 	C:\Windows\System32\ucrtbase.dll
0x00007ffddefa0000 - 0x00007ffddf219000 	C:\Windows\WinSxS\amd64_microsoft.windows.common-controls_6595b64144ccf1df_6.0.17763.253_none_05b2388e0721fece\COMCTL32.dll
0x00007ffdf8da0000 - 0x00007ffdf8e3e000 	C:\Windows\System32\msvcrt.dll
0x00007ffdf89a0000 - 0x00007ffdf8ccd000 	C:\Windows\System32\combase.dll
0x00007ffdf7ef0000 - 0x00007ffdf8012000 	C:\Windows\System32\RPCRT4.dll
0x00007ffdf7ba0000 - 0x00007ffdf7c1e000 	C:\Windows\System32\bcryptPrimitives.dll
0x00007ffdfa500000 - 0x00007ffdfa52e000 	C:\Windows\System32\IMM32.DLL
0x00007ffde6400000 - 0x00007ffde6415000 	C:\Program Files\Java\dcevm-11.0.1+7\bin\vcruntime140.dll
0x00007ffde6360000 - 0x00007ffde63fb000 	C:\Program Files\Java\dcevm-11.0.1+7\bin\msvcp140.dll
0x00007ffda55a0000 - 0x00007ffda605c000 	C:\Program Files\Java\dcevm-11.0.1+7\bin\server\jvm.dll
0x00007ffdf8cd0000 - 0x00007ffdf8d73000 	C:\Windows\System32\ADVAPI32.dll
0x00007ffdf7e50000 - 0x00007ffdf7eee000 	C:\Windows\System32\sechost.dll
0x00007ffdfa740000 - 0x00007ffdfa748000 	C:\Windows\System32\PSAPI.DLL
0x00007ffdf4890000 - 0x00007ffdf48b4000 	C:\Windows\SYSTEM32\WINMM.dll
0x00007ffdf5590000 - 0x00007ffdf5599000 	C:\Windows\SYSTEM32\WSOCK32.dll
0x00007ffded4c0000 - 0x00007ffded4ca000 	C:\Windows\SYSTEM32\VERSION.dll
0x00007ffdf82b0000 - 0x00007ffdf831d000 	C:\Windows\System32\WS2_32.dll
0x00007ffdf4860000 - 0x00007ffdf488d000 	C:\Windows\SYSTEM32\WINMMBASE.dll
0x00007ffdf7850000 - 0x00007ffdf789a000 	C:\Windows\System32\cfgmgr32.dll
0x00007ffdf6a10000 - 0x00007ffdf6a21000 	C:\Windows\System32\kernel.appcore.dll
0x00007ffde0980000 - 0x00007ffde0990000 	C:\Program Files\Java\dcevm-11.0.1+7\bin\verify.dll
0x00007ffdf5240000 - 0x00007ffdf542d000 	C:\Windows\SYSTEM32\DBGHELP.DLL
0x00007ffdd9df0000 - 0x00007ffdd9e1a000 	C:\Windows\SYSTEM32\dbgcore.DLL
0x00007ffdd3130000 - 0x00007ffdd3158000 	C:\Program Files\Java\dcevm-11.0.1+7\bin\java.dll
0x00007ffdd30f0000 - 0x00007ffdd3123000 	C:\Program Files\Java\dcevm-11.0.1+7\bin\instrument.dll
0x00007ffdd5cb0000 - 0x00007ffdd5cc6000 	C:\Program Files\Java\dcevm-11.0.1+7\bin\zip.dll
0x00007ffde0970000 - 0x00007ffde097a000 	C:\Program Files\Java\dcevm-11.0.1+7\bin\jimage.dll
0x00007ffdf8fa0000 - 0x00007ffdfa48f000 	C:\Windows\System32\SHELL32.dll
0x00007ffdf87a0000 - 0x00007ffdf8848000 	C:\Windows\System32\shcore.dll
0x00007ffdf6d60000 - 0x00007ffdf74aa000 	C:\Windows\System32\windows.storage.dll
0x00007ffdf6ab0000 - 0x00007ffdf6ad4000 	C:\Windows\System32\profapi.dll
0x00007ffdf6a30000 - 0x00007ffdf6a8d000 	C:\Windows\System32\powrprof.dll
0x00007ffdf8020000 - 0x00007ffdf8072000 	C:\Windows\System32\shlwapi.dll
0x00007ffdf7b20000 - 0x00007ffdf7b37000 	C:\Windows\System32\cryptsp.dll
0x00007ffdd3290000 - 0x00007ffdd32a9000 	C:\Program Files\Java\dcevm-11.0.1+7\bin\net.dll
0x00007ffded340000 - 0x00007ffded431000 	C:\Windows\SYSTEM32\WINHTTP.dll
0x00007ffdf6250000 - 0x00007ffdf62b7000 	C:\Windows\system32\mswsock.dll
0x00007ffdd30d0000 - 0x00007ffdd30e2000 	C:\Program Files\Java\dcevm-11.0.1+7\bin\nio.dll
0x00007ffde88d0000 - 0x00007ffde88ee000 	C:\Users\maxim\.gradle\native\25\windows-amd64\native-platform.dll
0x00007ffdda270000 - 0x00007ffdda279000 	C:\Program Files\Java\dcevm-11.0.1+7\bin\management.dll
0x00007ffdd6c90000 - 0x00007ffdd6c9b000 	C:\Program Files\Java\dcevm-11.0.1+7\bin\management_ext.dll
0x00007ffdf5e20000 - 0x00007ffdf5e53000 	C:\Windows\system32\rsaenh.dll
0x00007ffdf78a0000 - 0x00007ffdf78c6000 	C:\Windows\System32\bcrypt.dll
0x00007ffdf6910000 - 0x00007ffdf6938000 	C:\Windows\SYSTEM32\USERENV.dll
0x00007ffdf63d0000 - 0x00007ffdf63dc000 	C:\Windows\SYSTEM32\CRYPTBASE.dll
0x00007ffdf5fc0000 - 0x00007ffdf5ffd000 	C:\Windows\SYSTEM32\IPHLPAPI.DLL
0x00007ffdf7e40000 - 0x00007ffdf7e48000 	C:\Windows\System32\NSI.dll
0x00007ffde9ff0000 - 0x00007ffdea006000 	C:\Windows\SYSTEM32\dhcpcsvc6.DLL
0x00007ffde9fd0000 - 0x00007ffde9fec000 	C:\Windows\SYSTEM32\dhcpcsvc.DLL
0x00007ffdf6000000 - 0x00007ffdf60c6000 	C:\Windows\SYSTEM32\DNSAPI.dll

dbghelp: loaded successfully - version: 4.0.5 - missing functions: none
symbol engine: initialized successfully - sym options: 0x614 - pdb path: .;C:\Program Files\Java\dcevm-11.0.1+7\bin;C:\Windows\SYSTEM32;C:\Windows\WinSxS\amd64_microsoft.windows.common-controls_6595b64144ccf1df_6.0.17763.253_none_05b2388e0721fece;C:\Program Files\Java\dcevm-11.0.1+7\bin\server;C:\Users\maxim\.gradle\native\25\windows-amd64

VM Arguments:
jvm_args: --add-opens=java.base/java.util=ALL-UNNAMED --add-opens=java.base/java.lang=ALL-UNNAMED --add-opens=java.base/java.lang.invoke=ALL-UNNAMED --add-opens=java.prefs/java.util.prefs=ALL-UNNAMED -XX:MaxMetaspaceSize=256m -XX:+HeapDumpOnOutOfMemoryError -Xmx512m -Dfile.encoding=windows-1252 -Duser.country=US -Duser.language=en -Duser.variant 
java_command: org.gradle.launcher.daemon.bootstrap.GradleDaemon 5.1.1
java_class_path (initial): C:\Gradle\gradle-5.1.1-bin\gradle-5.1.1\lib\gradle-launcher-5.1.1.jar
Launcher Type: SUN_STANDARD

[Global flags]
     intx CICompilerCount                          = 4                                         {product} {ergonomic}
   size_t CompressedClassSpaceSize                 = 260046848                                 {product} {ergonomic}
     bool HeapDumpOnOutOfMemoryError               = true                                   {manageable} {command line}
   size_t InitialHeapSize                          = 264241152                                 {product} {ergonomic}
   size_t MaxHeapSize                              = 536870912                                 {product} {command line}
   size_t MaxMetaspaceSize                         = 268435456                                 {product} {command line}
   size_t MaxNewSize                               = 178913280                                 {product} {ergonomic}
   size_t MinHeapDeltaBytes                        = 196608                                    {product} {ergonomic}
   size_t NewSize                                  = 88080384                                  {product} {ergonomic}
    uintx NonNMethodCodeHeapSize                   = 5835340                                {pd product} {ergonomic}
    uintx NonProfiledCodeHeapSize                  = 122911450                              {pd product} {ergonomic}
   size_t OldSize                                  = 176160768                                 {product} {ergonomic}
    uintx ProfiledCodeHeapSize                     = 122911450                              {pd product} {ergonomic}
    uintx ReservedCodeCacheSize                    = 251658240                              {pd product} {ergonomic}
     bool SegmentedCodeCache                       = true                                      {product} {ergonomic}
     bool UseCompressedClassPointers               = true                                 {lp64_product} {ergonomic}
     bool UseCompressedOops                        = true                                 {lp64_product} {ergonomic}
     bool UseLargePagesIndividualAllocation        = false                                  {pd product} {ergonomic}
     bool UseSerialGC                              = true                                      {product} {ergonomic}

Logging:
Log output configuration:
 #0: stdout all=warning uptime,level,tags
 #1: stderr all=off uptime,level,tags

Environment Variables:
PATH=C:\ProgramData\DockerDesktop\version-bin;C:\Program Files\Docker\Docker\Resources\bin;C:\Windows\system32;C:\Windows;C:\Windows\System32\Wbem;C:\Windows\System32\WindowsPowerShell\v1.0\;C:\Windows\System32\OpenSSH\;C:\Program Files\Git\cmd;C:\Program Files\Java\jdk-11.0.1\bin;C:\Program Files\NVIDIA Corporation\NVIDIA NvDLISR;C:\Program Files (x86)\NVIDIA Corporation\PhysX\Common;C:\Program Files\nodejs\;C:\Gradle\gradle-5.1.1-bin\gradle-5.1.1\bin;C:\Users\maxim\AppData\Local\Microsoft\WindowsApps;C:\Users\maxim\AppData\Roaming\npm;C:\Program Files\heroku\bin
USERNAME=maxim
OS=Windows_NT
PROCESSOR_IDENTIFIER=Intel64 Family 6 Model 94 Stepping 3, GenuineIntel



---------------  S Y S T E M  ---------------

OS: Windows 10 , 64 bit Build 17763 (10.0.17763.1)

CPU:total 8 (initial active 8) (4 cores per cpu, 2 threads per core) family 6 model 94 stepping 3, cmov, cx8, fxsr, mmx, sse, sse2, sse3, ssse3, sse4.1, sse4.2, popcnt, avx, avx2, aes, clmul, erms, rtm, 3dnowpref, lzcnt, ht, tsc, tscinvbit, bmi1, bmi2, adx, fma

Memory: 4k page, system-wide physical 16055M (9166M free)
TotalPageFile size 18487M (AvailPageFile size 8366M)
current process WorkingSet (physical memory assigned to process): 299M, peak: 299M
current process commit charge ("private bytes"): 427M, peak: 427M

vm_info: Dynamic Code Evolution 64-Bit Server VM (11.0.1.6+7-201901011603) for windows-amd64 JRE (11.0.1.6+7-201901011603), built on Jan  1 2019 16:31:53 by "travis" with unknown MS VC++:1916

END.
